DATE
TEXT
TEXT
TEXT
TEXT
TEXT
TEXT
天空本是一种风景，可是遇见你之后，它变成了一种心情。
人生中有些事你不竭尽所能去做，你永远不知道自己有多出色！
像平常的你一样引发奇迹吧-
请你,驯养我吧
你要不会唠嗑能不能别硬唠。
最有名的莫过于想死一次吗。
二次元什么的我本来是不感冒的，直到我的膝盖中了一箭。
故事的结尾，我在那里藏了一个秘密，我依旧爱着这个世界，这件事，希望你们永远都不要提起。
最后呢，在这片沙漠之中，至少我能知道还会有一个，珍爱这朵花儿的人。有一个人就足够了。
如果聚集负的感情，世界就会陷入负的洪流；反之聚集正的感情，世界就会循着正道而行。
刻意保持距离的人是你，虚拟世界里的区区两公尺，对你来说就真的如此遥不可及? hitokoto
漫漫人生路，相知有几人。
生活越来越压抑 你变得越来越不像自己 玫瑰你在哪里 你总是喜欢抓不住的东西 hitokoto
你愿意陪我走到地狱的底端吗？
失礼。噛みました hitokoto
梦想是否无聊并不是别人来决定的，不管是什么样的梦想，自己拼命努力去追寻才是最重要的。
人的一生会遭遇各种各样的事，其中有令人难以置信的事，也有不讲道理的事，但都必须予以克服，这就是生活 hitokoto
重新再说一次，至今为止，真的谢谢你。 然后，今后也请多指教了。
知人者智，自知者明。
My life for aiur!
迎接我们的也许是漆黑一片的夜路，即便如此，也要相信自己，勇往直前。 星空会为我们在这条道路上点缀出淡淡星光。
一个人觉得寂寞，和另一个人相互依偎又有什么错
